nohup: ignoring input
2025-12-20 14:09:46,356 INFO 
======================================================================
2025-12-20 14:09:46,357 INFO MQTT Mock Washer Socket - Ready for Testing
2025-12-20 14:09:46,357 INFO ======================================================================
2025-12-20 14:09:46,358 INFO Connected to MQTT: 192.168.0.247:1883
2025-12-20 14:09:46,359 INFO Walltime override: 15.0 min (target ~0.5s/publish)
2025-12-20 14:09:46,359 INFO Effective (for LONG): speedup ~6.13x, sample ~3s
2025-12-20 14:09:46,359 INFO 
NORMAL CYCLES (toggle switch or publish to command topic):
2025-12-20 14:09:46,359 INFO   ON or LONG        - Full 2:39 cycle
2025-12-20 14:09:46,359 INFO   MEDIUM            - Mid-length 1:30 cycle
2025-12-20 14:09:46,360 INFO   SHORT             - Quick 0:45 cycle

2025-12-20 14:09:46,360 INFO FAULT SCENARIOS (append mode to cycle type):
2025-12-20 14:09:46,360 INFO   LONG_DROPOUT      - Sensor offline mid-cycle (tests watchdog timeout)
2025-12-20 14:09:46,360 INFO   MEDIUM_GLITCH     - Power spikes/dips (tests smoothing)
2025-12-20 14:09:46,360 INFO   SHORT_STUCK       - Phase stuck in loop (tests forced end)
2025-12-20 14:09:46,360 INFO   LONG_INCOMPLETE   - Never finishes (tests stale detection)

2025-12-20 14:09:46,360 INFO EXAMPLES:
2025-12-20 14:09:46,360 INFO   mosquitto_pub -t homeassistant/switch/mock_washer_power/set -m 'LONG'
2025-12-20 14:09:46,361 INFO   mosquitto_pub -t homeassistant/switch/mock_washer_power/set -m 'MEDIUM_GLITCH'
2025-12-20 14:09:46,361 INFO   mosquitto_pub -t homeassistant/switch/mock_washer_power/set -m 'OFF'
2025-12-20 14:09:46,361 INFO ======================================================================

2025-12-20 14:09:46,362 INFO [BATCH] Starting cycle 1/∞: LONG
2025-12-20 14:09:46,365 INFO [VARIANCE] Applied +1.2% duration variance (factor: 1.01x)
2025-12-20 14:09:58,624 INFO [GLITCH] Power dip at phase 1
2025-12-20 14:09:59,362 INFO [GLITCH] Power spike at phase 1
2025-12-20 14:10:05,511 INFO [GLITCH] Power dip at phase 1
2025-12-20 14:10:18,530 INFO [GLITCH] Power spike at phase 2
2025-12-20 14:10:33,988 INFO [GLITCH] Power dip at phase 2
2025-12-20 14:11:34,599 INFO [GLITCH] Power dip at phase 2
2025-12-20 14:12:44,576 INFO [GLITCH] Power dip at phase 2
2025-12-20 14:12:57,564 INFO [GLITCH] Power spike at phase 2
2025-12-20 14:13:23,298 INFO [GLITCH] Power dip at phase 2
2025-12-20 14:13:37,305 INFO [GLITCH] Power spike at phase 2
2025-12-20 14:14:01,163 INFO [GLITCH] Power spike at phase 2
2025-12-20 14:14:37,211 INFO [GLITCH] Power dip at phase 3
2025-12-20 14:14:39,422 INFO [GLITCH] Power dip at phase 3
2025-12-20 14:15:50,180 INFO [GLITCH] Power dip at phase 3
2025-12-20 14:18:47,665 INFO [GLITCH] Power dip at phase 5
2025-12-20 14:19:07,985 INFO [GLITCH] Power dip at phase 6
2025-12-20 14:19:27,813 INFO [GLITCH] Power spike at phase 6
2025-12-20 14:19:48,622 INFO [GLITCH] Power dip at phase 6
2025-12-20 14:19:49,846 INFO [GLITCH] Power spike at phase 6
2025-12-20 14:19:54,500 INFO [GLITCH] Power spike at phase 6
2025-12-20 14:19:58,175 INFO [GLITCH] Power dip at phase 6
2025-12-20 14:20:33,671 INFO [GLITCH] Power spike at phase 6
2025-12-20 14:20:55,459 INFO [GLITCH] Power dip at phase 7
2025-12-20 14:21:00,601 INFO [GLITCH] Power spike at phase 7
2025-12-20 14:21:29,734 INFO [GLITCH] Power spike at phase 7
2025-12-20 14:21:35,855 INFO [GLITCH] Power spike at phase 7
2025-12-20 14:21:52,746 INFO [GLITCH] Power dip at phase 8
2025-12-20 14:22:06,213 INFO [GLITCH] Power dip at phase 8
2025-12-20 14:22:22,628 INFO [GLITCH] Power dip at phase 8
2025-12-20 14:22:34,135 INFO [GLITCH] Power spike at phase 8
2025-12-20 14:23:48,811 INFO [GLITCH] Power dip at phase 9
2025-12-20 14:23:51,994 INFO [GLITCH] Power dip at phase 9
2025-12-20 14:23:59,585 INFO [GLITCH] Power spike at phase 9
2025-12-20 14:24:24,803 INFO [GLITCH] Power dip at phase 9
2025-12-20 14:25:09,124 INFO [CYCLE] Finished normally
2025-12-20 14:25:09,125 INFO [BATCH] Cycle 1/∞ complete. Waiting 10.0 minutes until next cycle...
2025-12-20 14:35:09,125 INFO [BATCH] Starting cycle 2/∞: LONG
2025-12-20 14:35:09,126 INFO [VARIANCE] Applied +1.7% duration variance (factor: 1.02x)
2025-12-20 14:35:28,710 INFO [GLITCH] Power dip at phase 1
2025-12-20 14:36:28,694 INFO [GLITCH] Power dip at phase 2
2025-12-20 14:38:11,784 INFO [GLITCH] Power dip at phase 2
2025-12-20 14:38:16,927 INFO [GLITCH] Power spike at phase 2
2025-12-20 14:38:17,662 INFO [GLITCH] Power spike at phase 2
2025-12-20 14:38:21,824 INFO [GLITCH] Power dip at phase 2
2025-12-20 14:38:51,467 INFO [GLITCH] Power dip at phase 2
2025-12-20 14:39:12,281 INFO [GLITCH] Power spike at phase 2
2025-12-20 14:40:05,409 INFO [GLITCH] Power dip at phase 3
2025-12-20 14:40:07,614 INFO [GLITCH] Power spike at phase 3
2025-12-20 14:40:46,052 INFO [GLITCH] Power dip at phase 3
2025-12-20 14:40:59,522 INFO [GLITCH] Power dip at phase 3
2025-12-20 14:41:42,361 INFO [GLITCH] Power spike at phase 3
2025-12-20 14:41:48,482 INFO [GLITCH] Power spike at phase 3
2025-12-20 14:42:05,374 INFO [GLITCH] Power dip at phase 3
2025-12-20 14:42:51,152 INFO [GLITCH] Power dip at phase 4
2025-12-20 14:42:58,741 INFO [GLITCH] Power spike at phase 4
2025-12-20 14:43:16,123 INFO [GLITCH] Power spike at phase 5
2025-12-20 14:43:41,339 INFO [GLITCH] Power dip at phase 5
2025-12-20 14:44:12,430 INFO [GLITCH] Power dip at phase 5
2025-12-20 14:44:13,164 INFO [GLITCH] Power dip at phase 5
2025-12-20 14:45:41,052 INFO [GLITCH] Power dip at phase 6
2025-12-20 14:47:15,304 INFO [GLITCH] Power spike at phase 8
2025-12-20 14:47:45,906 INFO [GLITCH] Power dip at phase 8
2025-12-20 14:47:52,516 INFO [GLITCH] Power dip at phase 8
2025-12-20 14:48:27,522 INFO [GLITCH] Power spike at phase 8
2025-12-20 14:48:49,799 INFO [GLITCH] Power spike at phase 8
2025-12-20 14:50:25,521 INFO [GLITCH] Power dip at phase 10
2025-12-20 14:50:34,089 INFO [CYCLE] Finished normally
2025-12-20 14:50:34,090 INFO [BATCH] Cycle 2/∞ complete. Waiting 10.0 minutes until next cycle...
2025-12-20 15:00:34,091 INFO [BATCH] Starting cycle 3/∞: LONG
2025-12-20 15:00:34,091 INFO [VARIANCE] Applied -2.0% duration variance (factor: 0.98x)
2025-12-20 15:00:39,478 INFO [GLITCH] Power dip at phase 1
2025-12-20 15:00:51,474 INFO [GLITCH] Power dip at phase 1
2025-12-20 15:01:04,449 INFO [GLITCH] Power dip at phase 2
2025-12-20 15:01:06,166 INFO [GLITCH] Power spike at phase 2
2025-12-20 15:01:20,611 INFO [GLITCH] Power spike at phase 2
2025-12-20 15:01:39,951 INFO [GLITCH] Power dip at phase 2
2025-12-20 15:01:46,071 INFO [GLITCH] Power dip at phase 2
2025-12-20 15:02:06,879 INFO [GLITCH] Power dip at phase 2
2025-12-20 15:03:09,795 INFO [GLITCH] Power dip at phase 2
2025-12-20 15:03:16,406 INFO [GLITCH] Power spike at phase 2
2025-12-20 15:04:29,603 INFO [GLITCH] Power spike at phase 2
2025-12-20 15:05:32,520 INFO [GLITCH] Power spike at phase 3
2025-12-20 15:05:57,248 INFO [GLITCH] Power spike at phase 3
2025-12-20 15:05:58,962 INFO [GLITCH] Power spike at phase 3
2025-12-20 15:06:50,124 INFO [GLITCH] Power spike at phase 3
2025-12-20 15:07:25,621 INFO [GLITCH] Power dip at phase 3
2025-12-20 15:07:38,598 INFO [GLITCH] Power spike at phase 4
2025-12-20 15:08:30,251 INFO [GLITCH] Power dip at phase 5
2025-12-20 15:08:35,392 INFO [GLITCH] Power dip at phase 5
2025-12-20 15:08:51,795 INFO [GLITCH] Power spike at phase 5
2025-12-20 15:09:03,301 INFO [GLITCH] Power spike at phase 5
2025-12-20 15:09:10,401 INFO [GLITCH] Power dip at phase 5
2025-12-20 15:09:36,595 INFO [GLITCH] Power dip at phase 6
2025-12-20 15:09:56,429 INFO [GLITCH] Power spike at phase 6
2025-12-20 15:10:04,019 INFO [GLITCH] Power spike at phase 6
2025-12-20 15:10:40,498 INFO [GLITCH] Power dip at phase 6
2025-12-20 15:11:10,122 INFO [GLITCH] Power dip at phase 7
2025-12-20 15:11:19,670 INFO [GLITCH] Power spike at phase 7
2025-12-20 15:11:40,967 INFO [GLITCH] Power dip at phase 7
2025-12-20 15:12:03,734 INFO [GLITCH] Power dip at phase 7
2025-12-20 15:12:39,231 INFO [GLITCH] Power dip at phase 8
2025-12-20 15:13:41,165 INFO [GLITCH] Power spike at phase 8
2025-12-20 15:14:20,090 INFO [GLITCH] Power spike at phase 9
2025-12-20 15:15:22,025 INFO [GLITCH] Power spike at phase 10
2025-12-20 15:15:25,208 INFO [CYCLE] Finished normally
2025-12-20 15:15:25,209 INFO [BATCH] Cycle 3/∞ complete. Waiting 10.0 minutes until next cycle...
2025-12-20 15:25:25,209 INFO [BATCH] Starting cycle 4/∞: LONG
2025-12-20 15:25:25,210 INFO [VARIANCE] Applied +0.0% duration variance (factor: 1.00x)
2025-12-20 15:25:43,326 INFO [GLITCH] Power dip at phase 1
2025-12-20 15:26:10,499 INFO [GLITCH] Power spike at phase 2
2025-12-20 15:26:26,411 INFO [GLITCH] Power dip at phase 2
2025-12-20 15:26:36,450 INFO [GLITCH] Power spike at phase 2
2025-12-20 15:26:40,123 INFO [GLITCH] Power spike at phase 2
2025-12-20 15:26:52,118 INFO [GLITCH] Power dip at phase 2
2025-12-20 15:28:40,078 INFO [GLITCH] Power spike at phase 2
2025-12-20 15:29:10,679 INFO [GLITCH] Power dip at phase 2
2025-12-20 15:29:16,310 INFO [GLITCH] Power dip at phase 2
2025-12-20 15:29:27,333 INFO [GLITCH] Power dip at phase 2
2025-12-20 15:30:10,173 INFO [GLITCH] Power dip at phase 3
2025-12-20 15:30:11,397 INFO [GLITCH] Power spike at phase 3
2025-12-20 15:30:18,497 INFO [GLITCH] Power dip at phase 3
2025-12-20 15:30:22,169 INFO [GLITCH] Power dip at phase 3
2025-12-20 15:31:03,053 INFO [GLITCH] Power dip at phase 3
2025-12-20 15:31:15,049 INFO [GLITCH] Power spike at phase 3
2025-12-20 15:31:28,513 INFO [GLITCH] Power dip at phase 3
2025-12-20 15:31:31,697 INFO [GLITCH] Power spike at phase 3
2025-12-20 15:31:50,550 INFO [GLITCH] Power spike at phase 3
2025-12-20 15:32:01,077 INFO [GLITCH] Power spike at phase 3
2025-12-20 15:33:11,337 INFO [GLITCH] Power spike at phase 4
2025-12-20 15:34:24,044 INFO [GLITCH] Power spike at phase 5
2025-12-20 15:34:26,248 INFO [GLITCH] Power spike at phase 5
2025-12-20 15:34:51,463 INFO [GLITCH] Power dip at phase 6
2025-12-20 15:34:58,073 INFO [GLITCH] Power spike at phase 6
2025-12-20 15:35:10,560 INFO [GLITCH] Power dip at phase 6
2025-12-20 15:35:47,526 INFO [GLITCH] Power spike at phase 6
2025-12-20 15:36:12,741 INFO [GLITCH] Power dip at phase 7
2025-12-20 15:36:45,300 INFO [GLITCH] Power dip at phase 7
2025-12-20 15:37:35,486 INFO [GLITCH] Power dip at phase 8
2025-12-20 15:38:16,861 INFO [GLITCH] Power spike at phase 8
2025-12-20 15:38:29,836 INFO [GLITCH] Power spike at phase 8
2025-12-20 15:38:38,894 INFO [GLITCH] Power spike at phase 8
2025-12-20 15:38:47,462 INFO [GLITCH] Power dip at phase 8
2025-12-20 15:39:13,168 INFO [GLITCH] Power spike at phase 9
2025-12-20 15:39:31,039 INFO [GLITCH] Power spike at phase 9
2025-12-20 15:39:51,361 INFO [GLITCH] Power spike at phase 9
2025-12-20 15:40:12,171 INFO [GLITCH] Power spike at phase 10
2025-12-20 15:40:35,427 INFO [CYCLE] Finished normally
2025-12-20 15:40:35,428 INFO [BATCH] Cycle 4/∞ complete. Waiting 10.0 minutes until next cycle...
2025-12-20 15:50:35,429 INFO [BATCH] Starting cycle 5/∞: LONG
2025-12-20 15:50:35,430 INFO [VARIANCE] Applied -0.2% duration variance (factor: 1.00x)
2025-12-20 15:51:08,724 INFO [GLITCH] Power dip at phase 2
2025-12-20 15:51:22,189 INFO [GLITCH] Power dip at phase 2
2025-12-20 15:51:43,488 INFO [GLITCH] Power spike at phase 2
2025-12-20 15:51:45,693 INFO [GLITCH] Power spike at phase 2
2025-12-20 15:52:09,441 INFO [GLITCH] Power spike at phase 2
2025-12-20 15:53:01,583 INFO [GLITCH] Power dip at phase 2
2025-12-20 15:53:35,122 INFO [GLITCH] Power spike at phase 2
2025-12-20 15:54:00,832 INFO [GLITCH] Power dip at phase 2
2025-12-20 15:54:17,235 INFO [GLITCH] Power spike at phase 2
2025-12-20 15:54:27,274 INFO [GLITCH] Power dip at phase 2
2025-12-20 15:54:42,697 INFO [GLITCH] Power dip at phase 2
2025-12-20 15:54:46,369 INFO [GLITCH] Power spike at phase 2
2025-12-20 15:56:24,045 INFO [GLITCH] Power dip at phase 3
2025-12-20 15:56:35,551 INFO [GLITCH] Power spike at phase 3
2025-12-20 15:56:50,974 INFO [GLITCH] Power dip at phase 3
2025-12-20 15:57:26,960 INFO [GLITCH] Power dip at phase 3
2025-12-20 15:57:48,747 INFO [GLITCH] Power dip at phase 4
2025-12-20 15:59:00,473 INFO [GLITCH] Power dip at phase 5
2025-12-20 15:59:11,000 INFO [GLITCH] Power dip at phase 5
2025-12-20 16:00:00,205 INFO [GLITCH] Power dip at phase 6
2025-12-20 16:00:01,431 INFO [GLITCH] Power dip at phase 6
2025-12-20 16:00:21,750 INFO [GLITCH] Power spike at phase 6
2025-12-20 16:00:41,581 INFO [GLITCH] Power dip at phase 6
2025-12-20 16:00:44,764 INFO [GLITCH] Power dip at phase 6
2025-12-20 16:01:06,063 INFO [GLITCH] Power dip at phase 6
2025-12-20 16:01:07,777 INFO [GLITCH] Power spike at phase 6
2025-12-20 16:02:16,567 INFO [GLITCH] Power dip at phase 7
2025-12-20 16:02:50,595 INFO [GLITCH] Power spike at phase 8
2025-12-20 16:03:14,342 INFO [GLITCH] Power spike at phase 8
2025-12-20 16:03:39,068 INFO [GLITCH] Power spike at phase 8
2025-12-20 16:04:33,659 INFO [GLITCH] Power spike at phase 9
2025-12-20 16:04:47,125 INFO [GLITCH] Power dip at phase 9
2025-12-20 16:04:50,797 INFO [GLITCH] Power dip at phase 9
2025-12-20 16:05:10,137 INFO [GLITCH] Power dip at phase 9
2025-12-20 16:05:39,268 INFO [GLITCH] Power dip at phase 10
2025-12-20 16:05:42,940 INFO [GLITCH] Power dip at phase 10
2025-12-20 16:05:45,144 INFO [CYCLE] Finished normally
2025-12-20 16:05:45,145 INFO [BATCH] Cycle 5/∞ complete. Waiting 10.0 minutes until next cycle...
2025-12-20 16:15:45,145 INFO [BATCH] Starting cycle 6/∞: LONG
2025-12-20 16:15:45,147 INFO [VARIANCE] Applied -2.0% duration variance (factor: 0.98x)
2025-12-20 16:16:26,764 INFO [GLITCH] Power dip at phase 2
2025-12-20 16:17:05,200 INFO [GLITCH] Power spike at phase 2
2025-12-20 16:17:44,613 INFO [GLITCH] Power spike at phase 2
2025-12-20 16:17:52,693 INFO [GLITCH] Power dip at phase 2
2025-12-20 16:18:12,525 INFO [GLITCH] Power dip at phase 2
2025-12-20 16:19:13,969 INFO [GLITCH] Power spike at phase 2
2025-12-20 16:19:14,704 INFO [GLITCH] Power spike at phase 2
2025-12-20 16:19:31,596 INFO [GLITCH] Power dip at phase 2
2025-12-20 16:19:58,769 INFO [GLITCH] Power spike at phase 2
2025-12-20 16:20:03,421 INFO [GLITCH] Power dip at phase 2
2025-12-20 16:21:38,169 INFO [GLITCH] Power dip at phase 3
2025-12-20 16:22:27,374 INFO [GLITCH] Power dip at phase 3
2025-12-20 16:23:11,684 INFO [GLITCH] Power dip at phase 4
2025-12-20 16:23:12,419 INFO [GLITCH] Power spike at phase 4
2025-12-20 16:23:29,311 INFO [GLITCH] Power dip at phase 5
2025-12-20 16:24:15,092 INFO [GLITCH] Power dip at phase 5
2025-12-20 16:24:27,087 INFO [GLITCH] Power dip at phase 5
2025-12-20 16:24:35,168 INFO [GLITCH] Power spike at phase 5
2025-12-20 16:25:22,905 INFO [GLITCH] Power dip at phase 6
2025-12-20 16:25:41,755 INFO [GLITCH] Power dip at phase 6
2025-12-20 16:25:50,324 INFO [GLITCH] Power dip at phase 6
2025-12-20 16:26:08,197 INFO [GLITCH] Power spike at phase 6
2025-12-20 16:26:28,517 INFO [GLITCH] Power spike at phase 7
2025-12-20 16:26:33,658 INFO [GLITCH] Power spike at phase 7
2025-12-20 16:27:47,833 INFO [GLITCH] Power dip at phase 8
2025-12-20 16:27:57,871 INFO [GLITCH] Power dip at phase 8
2025-12-20 16:28:03,012 INFO [GLITCH] Power dip at phase 8
2025-12-20 16:28:10,601 INFO [GLITCH] Power spike at phase 8
2025-12-20 16:28:35,816 INFO [GLITCH] Power dip at phase 8
2025-12-20 16:28:41,446 INFO [GLITCH] Power spike at phase 8
2025-12-20 16:28:42,671 INFO [GLITCH] Power spike at phase 8
2025-12-20 16:28:49,771 INFO [GLITCH] Power dip at phase 8
2025-12-20 16:29:03,725 INFO [GLITCH] Power dip at phase 9
2025-12-20 16:29:04,459 INFO [GLITCH] Power dip at phase 9
2025-12-20 16:29:17,436 INFO [GLITCH] Power dip at phase 9
2025-12-20 16:29:22,088 INFO [GLITCH] Power spike at phase 9
2025-12-20 16:29:43,877 INFO [GLITCH] Power dip at phase 9
2025-12-20 16:30:13,010 INFO [GLITCH] Power dip at phase 10
2025-12-20 16:30:37,247 INFO [CYCLE] Finished normally
2025-12-20 16:30:37,248 INFO [BATCH] Cycle 6/∞ complete. Waiting 10.0 minutes until next cycle...
2025-12-20 16:40:37,249 INFO [BATCH] Starting cycle 7/∞: LONG
2025-12-20 16:40:37,258 INFO [VARIANCE] Applied -0.8% duration variance (factor: 0.99x)
2025-12-20 16:41:28,670 INFO [GLITCH] Power dip at phase 2
2025-12-20 16:41:30,873 INFO [GLITCH] Power spike at phase 2
2025-12-20 16:41:39,931 INFO [GLITCH] Power dip at phase 2
2025-12-20 16:41:51,929 INFO [GLITCH] Power spike at phase 2
2025-12-20 16:43:01,211 INFO [GLITCH] Power spike at phase 2
2025-12-20 16:43:05,372 INFO [GLITCH] Power dip at phase 2
2025-12-20 16:43:10,026 INFO [GLITCH] Power spike at phase 2
2025-12-20 16:44:02,661 INFO [GLITCH] Power spike at phase 2
2025-12-20 16:45:08,512 INFO [GLITCH] Power dip at phase 2
2025-12-20 16:45:15,614 INFO [GLITCH] Power spike at phase 3
2025-12-20 16:46:18,039 INFO [GLITCH] Power dip at phase 3
2025-12-20 16:46:40,316 INFO [GLITCH] Power dip at phase 3
2025-12-20 16:47:07,488 INFO [GLITCH] Power dip at phase 3
2025-12-20 16:48:12,360 INFO [GLITCH] Power spike at phase 4
2025-12-20 16:48:22,888 INFO [GLITCH] Power dip at phase 4
2025-12-20 16:49:19,926 INFO [GLITCH] Power spike at phase 5
2025-12-20 16:49:25,557 INFO [GLITCH] Power dip at phase 5
2025-12-20 16:49:48,323 INFO [GLITCH] Power spike at phase 6
2025-12-20 16:50:37,043 INFO [GLITCH] Power dip at phase 6
2025-12-20 16:51:12,049 INFO [GLITCH] Power dip at phase 6
2025-12-20 16:51:45,587 INFO [GLITCH] Power dip at phase 7
2025-12-20 16:52:16,186 INFO [GLITCH] Power dip at phase 7
2025-12-20 16:52:16,921 INFO [GLITCH] Power dip at phase 7
2025-12-20 16:52:48,012 INFO [GLITCH] Power spike at phase 8
2025-12-20 16:52:49,237 INFO [GLITCH] Power dip at phase 8
2025-12-20 16:52:51,441 INFO [GLITCH] Power spike at phase 8
2025-12-20 16:53:16,166 INFO [GLITCH] Power spike at phase 8
2025-12-20 16:53:45,298 INFO [GLITCH] Power dip at phase 8
2025-12-20 16:53:56,315 INFO [GLITCH] Power dip at phase 8
2025-12-20 16:54:02,435 INFO [GLITCH] Power spike at phase 9
2025-12-20 16:54:22,754 INFO [GLITCH] Power spike at phase 9
2025-12-20 16:54:24,957 INFO [GLITCH] Power spike at phase 9
2025-12-20 16:54:28,141 INFO [GLITCH] Power spike at phase 9
2025-12-20 16:55:07,063 INFO [GLITCH] Power dip at phase 9
2025-12-20 16:55:19,059 INFO [GLITCH] Power dip at phase 10
2025-12-20 16:55:27,138 INFO [GLITCH] Power spike at phase 10
2025-12-20 16:55:29,342 INFO [GLITCH] Power spike at phase 10
2025-12-20 16:55:41,828 INFO [CYCLE] Finished normally
2025-12-20 16:55:41,830 INFO [BATCH] Cycle 7/∞ complete. Waiting 10.0 minutes until next cycle...
2025-12-20 17:05:41,832 INFO [BATCH] Starting cycle 8/∞: LONG
2025-12-20 17:05:41,832 INFO [VARIANCE] Applied +2.9% duration variance (factor: 1.03x)
2025-12-20 17:05:55,053 INFO [GLITCH] Power dip at phase 1
2025-12-20 17:06:02,155 INFO [GLITCH] Power spike at phase 1
2025-12-20 17:06:08,766 INFO [GLITCH] Power dip at phase 1
2025-12-20 17:06:33,002 INFO [GLITCH] Power spike at phase 2
2025-12-20 17:06:37,653 INFO [GLITCH] Power dip at phase 2
2025-12-20 17:07:04,337 INFO [GLITCH] Power dip at phase 2
2025-12-20 17:07:14,868 INFO [GLITCH] Power spike at phase 2
2025-12-20 17:07:46,448 INFO [GLITCH] Power dip at phase 2
2025-12-20 17:07:54,037 INFO [GLITCH] Power spike at phase 2
2025-12-20 17:08:48,141 INFO [GLITCH] Power spike at phase 2
2025-12-20 17:08:59,158 INFO [GLITCH] Power dip at phase 2
2025-12-20 17:09:02,341 INFO [GLITCH] Power dip at phase 2
2025-12-20 17:09:32,453 INFO [GLITCH] Power dip at phase 2
2025-12-20 17:09:36,125 INFO [GLITCH] Power spike at phase 2
2025-12-20 17:09:45,673 INFO [GLITCH] Power spike at phase 2
2025-12-20 17:09:46,897 INFO [GLITCH] Power dip at phase 2
2025-12-20 17:10:59,121 INFO [GLITCH] Power spike at phase 3
2025-12-20 17:11:03,773 INFO [GLITCH] Power spike at phase 3
2025-12-20 17:11:09,893 INFO [GLITCH] Power dip at phase 3
2025-12-20 17:11:36,576 INFO [GLITCH] Power dip at phase 3
2025-12-20 17:11:40,249 INFO [GLITCH] Power dip at phase 3
2025-12-20 17:11:45,391 INFO [GLITCH] Power spike at phase 3
2025-12-20 17:12:03,751 INFO [GLITCH] Power spike at phase 3
2025-12-20 17:12:08,403 INFO [GLITCH] Power dip at phase 3
2025-12-20 17:12:38,027 INFO [GLITCH] Power dip at phase 3
2025-12-20 17:12:43,170 INFO [GLITCH] Power spike at phase 3
2025-12-20 17:13:42,655 INFO [GLITCH] Power dip at phase 4
2025-12-20 17:14:03,955 INFO [GLITCH] Power spike at phase 5
2025-12-20 17:14:54,142 INFO [GLITCH] Power spike at phase 5
2025-12-20 17:15:17,398 INFO [GLITCH] Power dip at phase 6
2025-12-20 17:15:46,040 INFO [GLITCH] Power dip at phase 6
2025-12-20 17:15:58,527 INFO [GLITCH] Power spike at phase 6
2025-12-20 17:16:39,411 INFO [GLITCH] Power spike at phase 6
2025-12-20 17:17:57,504 INFO [GLITCH] Power spike at phase 8
2025-12-20 17:18:41,813 INFO [GLITCH] Power spike at phase 8
2025-12-20 17:18:46,464 INFO [GLITCH] Power spike at phase 8
2025-12-20 17:19:24,408 INFO [GLITCH] Power spike at phase 8
2025-12-20 17:19:43,259 INFO [GLITCH] Power dip at phase 9
2025-12-20 17:20:07,006 INFO [GLITCH] Power dip at phase 9
2025-12-20 17:21:19,224 INFO [CYCLE] Finished normally
2025-12-20 17:21:19,225 INFO [BATCH] Cycle 8/∞ complete. Waiting 10.0 minutes until next cycle...
2025-12-20 17:31:19,226 INFO [BATCH] Starting cycle 9/∞: LONG
2025-12-20 17:31:19,227 INFO [VARIANCE] Applied -2.6% duration variance (factor: 0.98x)
2025-12-20 17:31:42,239 INFO [GLITCH] Power dip at phase 1
2025-12-20 17:32:36,831 INFO [GLITCH] Power spike at phase 2
2025-12-20 17:32:57,640 INFO [GLITCH] Power spike at phase 2
2025-12-20 17:34:39,237 INFO [GLITCH] Power spike at phase 2
2025-12-20 17:35:02,003 INFO [GLITCH] Power dip at phase 2
2025-12-20 17:35:29,177 INFO [GLITCH] Power spike at phase 2
2025-12-20 17:35:52,434 INFO [GLITCH] Power spike at phase 3
2025-12-20 17:35:58,066 INFO [GLITCH] Power spike at phase 3
2025-12-20 17:36:12,509 INFO [GLITCH] Power spike at phase 3
2025-12-20 17:36:26,952 INFO [GLITCH] Power spike at phase 3
2025-12-20 17:36:33,562 INFO [GLITCH] Power spike at phase 3
2025-12-20 17:36:48,006 INFO [GLITCH] Power spike at phase 3
2025-12-20 17:36:51,679 INFO [GLITCH] Power dip at phase 3
2025-12-20 17:36:56,820 INFO [GLITCH] Power dip at phase 3
2025-12-20 17:37:13,222 INFO [GLITCH] Power dip at phase 3
2025-12-20 17:37:51,657 INFO [GLITCH] Power dip at phase 3
2025-12-20 17:38:11,487 INFO [GLITCH] Power dip at phase 3
2025-12-20 17:38:22,014 INFO [GLITCH] Power dip at phase 4
2025-12-20 17:39:20,523 INFO [GLITCH] Power dip at phase 5
2025-12-20 17:39:41,331 INFO [GLITCH] Power dip at phase 5
2025-12-20 17:39:57,732 INFO [GLITCH] Power spike at phase 5
2025-12-20 17:40:24,905 INFO [GLITCH] Power dip at phase 6
2025-12-20 17:40:34,943 INFO [GLITCH] Power dip at phase 6
2025-12-20 17:41:45,199 INFO [GLITCH] Power dip at phase 6
2025-12-20 17:42:16,290 INFO [GLITCH] Power dip at phase 7
2025-12-20 17:42:26,327 INFO [GLITCH] Power dip at phase 7
2025-12-20 17:42:31,958 INFO [GLITCH] Power dip at phase 7
2025-12-20 17:42:43,953 INFO [GLITCH] Power spike at phase 7
2025-12-20 17:43:54,212 INFO [GLITCH] Power dip at phase 8
2025-12-20 17:44:48,804 INFO [GLITCH] Power spike at phase 9
2025-12-20 17:44:49,539 INFO [GLITCH] Power spike at phase 9
2025-12-20 17:46:07,142 INFO [CYCLE] Finished normally
2025-12-20 17:46:07,148 INFO [BATCH] Cycle 9/∞ complete. Waiting 10.0 minutes until next cycle...
2025-12-20 17:56:07,149 INFO [BATCH] Starting cycle 10/∞: LONG
2025-12-20 17:56:07,150 INFO [VARIANCE] Applied +2.1% duration variance (factor: 1.02x)
2025-12-20 17:56:13,025 INFO [GLITCH] Power dip at phase 1
2025-12-20 17:57:03,699 INFO [GLITCH] Power spike at phase 2
2025-12-20 17:58:09,550 INFO [GLITCH] Power spike at phase 2
2025-12-20 17:58:39,172 INFO [GLITCH] Power dip at phase 2
2025-12-20 17:58:51,657 INFO [GLITCH] Power dip at phase 2
2025-12-20 17:58:59,736 INFO [GLITCH] Power dip at phase 2
2025-12-20 17:59:07,325 INFO [GLITCH] Power spike at phase 2
2025-12-20 17:59:28,134 INFO [GLITCH] Power dip at phase 2
2025-12-20 17:59:45,516 INFO [GLITCH] Power dip at phase 2
2025-12-20 18:00:11,717 INFO [GLITCH] Power spike at phase 2
2025-12-20 18:00:23,223 INFO [GLITCH] Power dip at phase 2
2025-12-20 18:01:09,982 INFO [GLITCH] Power spike at phase 3
2025-12-20 18:01:52,824 INFO [GLITCH] Power spike at phase 3
2025-12-20 18:02:02,372 INFO [GLITCH] Power spike at phase 3
2025-12-20 18:02:22,204 INFO [GLITCH] Power spike at phase 3
2025-12-20 18:02:28,814 INFO [GLITCH] Power spike at phase 3
2025-12-20 18:03:35,645 INFO [GLITCH] Power dip at phase 4
2025-12-20 18:04:00,860 INFO [GLITCH] Power spike at phase 4
2025-12-20 18:04:14,814 INFO [GLITCH] Power dip at phase 5
2025-12-20 18:04:31,707 INFO [GLITCH] Power dip at phase 5
2025-12-20 18:04:35,379 INFO [GLITCH] Power spike at phase 5
2025-12-20 18:04:39,542 INFO [GLITCH] Power spike at phase 5
2025-12-20 18:06:35,826 INFO [GLITCH] Power spike at phase 6
2025-12-20 18:07:43,638 INFO [GLITCH] Power spike at phase 7
2025-12-20 18:08:29,417 INFO [GLITCH] Power dip at phase 8
2025-12-20 18:09:20,581 INFO [GLITCH] Power dip at phase 8
2025-12-20 18:10:37,696 INFO [GLITCH] Power spike at phase 9
2025-12-20 18:11:34,806 INFO [CYCLE] Finished normally
2025-12-20 18:11:34,807 INFO [BATCH] Cycle 10/∞ complete. Waiting 10.0 minutes until next cycle...
2025-12-20 18:21:34,807 INFO [BATCH] Starting cycle 11/∞: LONG
2025-12-20 18:21:34,808 INFO [VARIANCE] Applied -2.8% duration variance (factor: 0.97x)
2025-12-20 18:22:10,066 INFO [GLITCH] Power spike at phase 2
2025-12-20 18:22:38,709 INFO [GLITCH] Power spike at phase 2
2025-12-20 18:22:39,444 INFO [GLITCH] Power dip at phase 2
2025-12-20 18:22:51,931 INFO [GLITCH] Power dip at phase 2
2025-12-20 18:23:01,968 INFO [GLITCH] Power spike at phase 2
2025-12-20 18:23:08,580 INFO [GLITCH] Power spike at phase 2
2025-12-20 18:23:31,351 INFO [GLITCH] Power dip at phase 2
2025-12-20 18:23:43,836 INFO [GLITCH] Power dip at phase 2
2025-12-20 18:23:47,019 INFO [GLITCH] Power dip at phase 2
2025-12-20 18:24:03,420 INFO [GLITCH] Power dip at phase 2
2025-12-20 18:24:29,615 INFO [GLITCH] Power spike at phase 2
2025-12-20 18:25:03,645 INFO [GLITCH] Power spike at phase 2
2025-12-20 18:25:11,726 INFO [GLITCH] Power spike at phase 2
2025-12-20 18:25:38,410 INFO [GLITCH] Power dip at phase 2
2025-12-20 18:25:56,285 INFO [GLITCH] Power dip at phase 2
2025-12-20 18:26:55,789 INFO [GLITCH] Power spike at phase 3
2025-12-20 18:26:56,527 INFO [GLITCH] Power dip at phase 3
2025-12-20 18:27:43,785 INFO [GLITCH] Power spike at phase 3
2025-12-20 18:27:47,954 INFO [GLITCH] Power dip at phase 3
2025-12-20 18:28:15,655 INFO [GLITCH] Power dip at phase 3
2025-12-20 18:29:35,721 INFO [GLITCH] Power spike at phase 5
2025-12-20 18:30:03,875 INFO [GLITCH] Power spike at phase 5
2025-12-20 18:30:20,770 INFO [GLITCH] Power spike at phase 5
2025-12-20 18:30:30,323 INFO [GLITCH] Power spike at phase 6
2025-12-20 18:30:35,465 INFO [GLITCH] Power spike at phase 6
2025-12-20 18:31:41,327 INFO [GLITCH] Power spike at phase 6
2025-12-20 18:31:52,833 INFO [GLITCH] Power dip at phase 6
2025-12-20 18:32:32,272 INFO [GLITCH] Power dip at phase 7
2025-12-20 18:32:49,657 INFO [GLITCH] Power dip at phase 7
2025-12-20 18:33:08,511 INFO [GLITCH] Power spike at phase 8
2025-12-20 18:33:23,941 INFO [GLITCH] Power dip at phase 8
2025-12-20 18:34:04,352 INFO [GLITCH] Power spike at phase 8
2025-12-20 18:35:54,764 INFO [GLITCH] Power spike at phase 10
2025-12-20 18:36:20,476 INFO [CYCLE] Finished normally
2025-12-20 18:36:20,480 INFO [BATCH] Cycle 11/∞ complete. Waiting 10.0 minutes until next cycle...
